This file contains any messages produced by compilers while
running configure, to aid debugging if configure makes a mistake.

It was created by auctex configure 11.86, which was
generated by GNU Autoconf 2.68.  Invocation command line was

  $ ./configure --with-emacs=/home/erez/emacs/bin/emacs

## --------- ##
## Platform. ##
## --------- ##

hostname = duckburg
uname -m = x86_64
uname -r = 3.1.0-1-amd64
uname -s = Linux
uname -v = #1 SMP Tue Jan 10 05:01:58 UTC 2012

/usr/bin/uname -p = unknown
/bin/uname -X     = unknown

/bin/arch              = unknown
/usr/bin/arch -k       = unknown
/usr/convex/getsysinfo = unknown
/usr/bin/hostinfo      = unknown
/bin/machine           = unknown
/usr/bin/oslevel       = unknown
/bin/universe          = unknown

PATH: /home/erez/perl5/bin
PATH: /usr/local/sbin
PATH: /usr/local/bin
PATH: /usr/sbin
PATH: /usr/bin
PATH: /sbin
PATH: /bin
PATH: /home/erez/plan9/bin
PATH: /home/erez/dev/projects/gitflow
PATH: /home/erez/dev/projects/rakudo


## ----------- ##
## Core tests. ##
## ----------- ##

configure:1741: checking for make
configure:1757: found /usr/bin/make
configure:1768: result: make
configure:1784: checking whether make sets $(MAKE)
configure:1806: result: yes
configure:1858: checking for a BSD-compatible install
configure:1926: result: /usr/bin/install -c
configure:1939: checking for date in ChangeLog
configure:1946: result: 2012-01-11
configure:1948: checking for release in ChangeLog
configure:1954: result: not found, using 2012-01-11 instead
configure:2008: checking for /home/erez/emacs/bin/emacs
configure:2038: result: /home/erez/emacs/bin/emacs
configure:2054: checking if /home/erez/emacs/bin/emacs is XEmacs
/home/erez/emacs/bin/emacs -batch -no-site-file -eval (let* ((x (if (featurep (quote xemacs)) "yes" "no"))) (write-region (if (stringp x) x (prin1-to-string x)) nil "./conftest-23037"))
Wrote /home/erez/confemacs/site-lisp/auctex/conftest-23037
=> no
configure:2074: result: no
configure:2078: checking for Emacs prefix
/home/erez/emacs/bin/emacs -batch -no-site-file -eval (let* ((cmd(pop command-line-args-left))(x (condition-case nil (let*
    ((prefix (directory-file-name (file-name-directory (executable-find cmd))))
     (parent (directory-file-name (file-name-directory prefix))))
    (if (string= (file-name-nondirectory prefix) "bin")
        (setq prefix parent)
      (if (string= (file-name-nondirectory parent) "bin")
         (setq prefix (directory-file-name (file-name-directory parent)))))
    prefix) (error NONE)))) (write-region (if (stringp x) x (prin1-to-string x)) nil "./conftest-23037")) /home/erez/emacs/bin/emacs
Wrote /home/erez/confemacs/site-lisp/auctex/conftest-23037
=> /home/erez/emacs
configure:2097: result: "/home/erez/emacs"
configure:2127: checking if Emacs is recent enough
/home/erez/emacs/bin/emacs -batch -no-site-file -eval (let* ((x (cond ((< emacs-major-version 21) "no")
			 ((> emacs-major-version 21) "yes")
			 ((< emacs-minor-version 01) "no")
			 (t "yes")))) (write-region (if (stringp x) x (prin1-to-string x)) nil "./conftest-23037"))
Wrote /home/erez/confemacs/site-lisp/auctex/conftest-23037
=> yes
configure:2141: result: yes
configure:2151: checking for MULE support
/home/erez/emacs/bin/emacs -batch -eval (let* ((x (condition-case nil (require 'mule ) 	(error (prog1 nil (message "mule not found")))))) (write-region (if (stringp x) x (prin1-to-string x)) nil "./conftest-23037"))
Wrote /home/erez/confemacs/site-lisp/auctex/conftest-23037
=> mule
configure:2185: result: yes
configure:2230: checking if build directory is valid
/home/erez/emacs/bin/emacs -batch -eval (let* ((x (if (or (member (directory-file-name default-directory) load-path)	      (member (file-name-as-directory default-directory) load-path))	 "no" "yes"))) (write-region (if (stringp x) x (prin1-to-string x)) nil "./conftest-23037"))
Wrote /home/erez/confemacs/site-lisp/auctex/conftest-23037
=> yes
configure:2246: result: yes
configure:2334: checking where lisp files go
/home/erez/emacs/bin/emacs -batch -eval (let* ((prefix(pop command-line-args-left)) (expanded(pop command-line-args-left)) (x (catch 22
       (let (reldir (dirs load-path))
	  (dolist (name (list "emacs/site-lisp" "emacs/site-packages"
	         "site-lisp" "site-packages") "NONE")
	    (dolist (dir dirs)
	      (when (and dir
	      	         (setq dir (directory-file-name dir))
                         (file-name-absolute-p dir)
	      	         (file-directory-p dir)
	                 (not (string-match "\\`\\.\\."
                           (setq reldir (file-relative-name dir expanded))))
			 (not (file-name-absolute-p reldir))
                         (let ((name name) (dir dir))
		           (while (and dir name
		                       (string= (file-name-nondirectory dir)
		                                (file-name-nondirectory name))
                              (setq dir (file-name-directory dir)
				   name (file-name-directory name))
			      (if (and dir name)
			         (setq dir (directory-file-name dir)
			              name (directory-file-name name)))))
		            (null name))
		   (throw 22
                      (if (string= reldir ".") (directory-file-name prefix)
                        (concat (file-name-as-directory prefix)
                                reldir))))))))))) (write-region (if (stringp x) x (prin1-to-string x)) nil "./conftest-23037")) ${datadir}/emacs /usr/local/share/emacs
Wrote /home/erez/confemacs/site-lisp/auctex/conftest-23037
=> NONE
/home/erez/emacs/bin/emacs -batch -eval (let* ((prefix(pop command-line-args-left)) (expanded(pop command-line-args-left)) (x (catch 22
       (let (reldir (dirs load-path))
	  (dolist (name (list "emacs/site-lisp" "emacs/site-packages"
	         "site-lisp" "site-packages") "NONE")
	    (dolist (dir dirs)
	      (when (and dir
	      	         (setq dir (directory-file-name dir))
                         (file-name-absolute-p dir)
	      	         (file-directory-p dir)
	                 (not (string-match "\\`\\.\\."
                           (setq reldir (file-relative-name dir expanded))))
			 (not (file-name-absolute-p reldir))
                         (let ((name name) (dir dir))
		           (while (and dir name
		                       (string= (file-name-nondirectory dir)
		                                (file-name-nondirectory name))
                              (setq dir (file-name-directory dir)
				   name (file-name-directory name))
			      (if (and dir name)
			         (setq dir (directory-file-name dir)
			              name (directory-file-name name)))))
		            (null name))
		   (throw 22
                      (if (string= reldir ".") (directory-file-name prefix)
                        (concat (file-name-as-directory prefix)
                                reldir))))))))))) (write-region (if (stringp x) x (prin1-to-string x)) nil "./conftest-23037")) ${libdir}/emacs /usr/local/lib/emacs
Wrote /home/erez/confemacs/site-lisp/auctex/conftest-23037
=> NONE
/home/erez/emacs/bin/emacs -batch -eval (let* ((prefix(pop command-line-args-left)) (expanded(pop command-line-args-left)) (x (catch 22
       (let (reldir (dirs load-path))
	  (dolist (name (list "emacs/site-lisp" "emacs/site-packages"
	         "site-lisp" "site-packages") "NONE")
	    (dolist (dir dirs)
	      (when (and dir
	      	         (setq dir (directory-file-name dir))
                         (file-name-absolute-p dir)
	      	         (file-directory-p dir)
	                 (not (string-match "\\`\\.\\."
                           (setq reldir (file-relative-name dir expanded))))
			 (not (file-name-absolute-p reldir))
                         (let ((name name) (dir dir))
		           (while (and dir name
		                       (string= (file-name-nondirectory dir)
		                                (file-name-nondirectory name))
                              (setq dir (file-name-directory dir)
				   name (file-name-directory name))
			      (if (and dir name)
			         (setq dir (directory-file-name dir)
			              name (directory-file-name name)))))
		            (null name))
		   (throw 22
                      (if (string= reldir ".") (directory-file-name prefix)
                        (concat (file-name-as-directory prefix)
                                reldir))))))))))) (write-region (if (stringp x) x (prin1-to-string x)) nil "./conftest-23037")) /home/erez/emacs/share/emacs /home/erez/emacs/share/emacs
Wrote /home/erez/confemacs/site-lisp/auctex/conftest-23037
=> /home/erez/emacs/share/emacs/site-lisp
configure:2406: result: /home/erez/emacs/share/emacs/site-lisp
configure:2410: checking what file to use for auctex startup
configure:2437: result: /home/erez/emacs/share/emacs/site-lisp/auctex.el
configure:2455: checking where the package lisp files go
/home/erez/emacs/bin/emacs -batch -no-site-file -eval (let* ((path(pop command-line-args-left)) (lispdir(pop command-line-args-left)) (startup(pop command-line-args-left)) (target(pop command-line-args-left))(x (progn (setq path (directory-file-name path))
  (if (or target
          (not (string= (car load-path) (directory-file-name (car load-path)))))
    (setq path (file-name-as-directory path)))
  (setq path (expand-file-name path lispdir))
  (setq startupdir (file-name-directory (expand-file-name startup lispdir)))
  (prin1-to-string
    (if (or (string-match "\\`\\.\\."
              (setq relname (file-relative-name startupdir lispdir)))
            (file-name-absolute-p relname)
	    (string-match "\\`\\.\\."
              (setq relname (file-relative-name path lispdir)))
 	    (file-name-absolute-p relname))
	  (concat path target)
	(cond (target
	       `(expand-file-name
                   ,(file-relative-name (concat path target) startupdir)
	           (file-name-directory load-file-name)))
              ((string= path startupdir)
	         '(file-name-directory load-file-name))
	      ((string= path (directory-file-name startupdir))
                 '(directory-file-name (file-name-directory load-file-name)))
              (t
	       `(expand-file-name
                   ,(file-relative-name path startupdir)
	           (file-name-directory load-file-name))))))))) (write-region (if (stringp x) x (prin1-to-string x)) nil "./conftest-23037")) /home/erez/emacs/share/emacs/site-lisp/auctex /home/erez/emacs/share/emacs/site-lisp /home/erez/emacs/share/emacs/site-lisp/tex-site.el
Wrote /home/erez/confemacs/site-lisp/auctex/conftest-23037
=> (expand-file-name "auctex" (file-name-directory load-file-name))
configure:2536: result: /home/erez/emacs/share/emacs/site-lisp/auctex
configure:2539: checking where the data files go
/home/erez/emacs/bin/emacs -batch -no-site-file -eval (let* ((path(pop command-line-args-left)) (lispdir(pop command-line-args-left)) (startup(pop command-line-args-left)) (target(pop command-line-args-left))(x (progn (setq path (directory-file-name path))
  (if (or target
          (not (string= (car load-path) (directory-file-name (car load-path)))))
    (setq path (file-name-as-directory path)))
  (setq path (expand-file-name path lispdir))
  (setq startupdir (file-name-directory (expand-file-name startup lispdir)))
  (prin1-to-string
    (if (or (string-match "\\`\\.\\."
              (setq relname (file-relative-name startupdir lispdir)))
            (file-name-absolute-p relname)
	    (string-match "\\`\\.\\."
              (setq relname (file-relative-name path lispdir)))
 	    (file-name-absolute-p relname))
	  (concat path target)
	(cond (target
	       `(expand-file-name
                   ,(file-relative-name (concat path target) startupdir)
	           (file-name-directory load-file-name)))
              ((string= path startupdir)
	         '(file-name-directory load-file-name))
	      ((string= path (directory-file-name startupdir))
                 '(directory-file-name (file-name-directory load-file-name)))
              (t
	       `(expand-file-name
                   ,(file-relative-name path startupdir)
	           (file-name-directory load-file-name))))))))) (write-region (if (stringp x) x (prin1-to-string x)) nil "./conftest-23037")) /home/erez/emacs/share/emacs/site-lisp/auctex /home/erez/emacs/share/emacs/site-lisp /home/erez/emacs/share/emacs/site-lisp/tex-site.el
Wrote /home/erez/confemacs/site-lisp/auctex/conftest-23037
=> (expand-file-name "auctex" (file-name-directory load-file-name))
configure:2620: result: /home/erez/emacs/share/emacs/site-lisp/auctex
/home/erez/emacs/bin/emacs -batch -no-site-file -eval (let* ((path(pop command-line-args-left)) (lispdir(pop command-line-args-left)) (startup(pop command-line-args-left)) (target(pop command-line-args-left))(x (progn (setq path (directory-file-name path))
  (if (or target
          (not (string= (car load-path) (directory-file-name (car load-path)))))
    (setq path (file-name-as-directory path)))
  (setq path (expand-file-name path lispdir))
  (setq startupdir (file-name-directory (expand-file-name startup lispdir)))
  (prin1-to-string
    (if (or (string-match "\\`\\.\\."
              (setq relname (file-relative-name startupdir lispdir)))
            (file-name-absolute-p relname)
	    (string-match "\\`\\.\\."
              (setq relname (file-relative-name path lispdir)))
 	    (file-name-absolute-p relname))
	  (concat path target)
	(cond (target
	       `(expand-file-name
                   ,(file-relative-name (concat path target) startupdir)
	           (file-name-directory load-file-name)))
              ((string= path startupdir)
	         '(file-name-directory load-file-name))
	      ((string= path (directory-file-name startupdir))
                 '(directory-file-name (file-name-directory load-file-name)))
              (t
	       `(expand-file-name
                   ,(file-relative-name path startupdir)
	           (file-name-directory load-file-name))))))))) (write-region (if (stringp x) x (prin1-to-string x)) nil "./conftest-23037"))  /home/erez/emacs/share/emacs/site-lisp /home/erez/emacs/share/emacs/site-lisp/auctex.el tex-site.el
Wrote /home/erez/confemacs/site-lisp/auctex/conftest-23037
=> (expand-file-name "tex-site.el" (file-name-directory load-file-name))
configure:2697: checking where the info files go
configure:2699: result: ${datarootdir}/info
configure:2710: checking where automatically generated global style hooks go
configure:2720: result: ${localstatedir}/auctex
/home/erez/emacs/bin/emacs -batch -no-site-file -eval (let* ((path(pop command-line-args-left)) (lispdir(pop command-line-args-left)) (startup(pop command-line-args-left)) (target(pop command-line-args-left))(x (progn (setq path (directory-file-name path))
  (if (or target
          (not (string= (car load-path) (directory-file-name (car load-path)))))
    (setq path (file-name-as-directory path)))
  (setq path (expand-file-name path lispdir))
  (setq startupdir (file-name-directory (expand-file-name startup lispdir)))
  (prin1-to-string
    (if (or (string-match "\\`\\.\\."
              (setq relname (file-relative-name startupdir lispdir)))
            (file-name-absolute-p relname)
	    (string-match "\\`\\.\\."
              (setq relname (file-relative-name path lispdir)))
 	    (file-name-absolute-p relname))
	  (concat path target)
	(cond (target
	       `(expand-file-name
                   ,(file-relative-name (concat path target) startupdir)
	           (file-name-directory load-file-name)))
              ((string= path startupdir)
	         '(file-name-directory load-file-name))
	      ((string= path (directory-file-name startupdir))
                 '(directory-file-name (file-name-directory load-file-name)))
              (t
	       `(expand-file-name
                   ,(file-relative-name path startupdir)
	           (file-name-directory load-file-name))))))))) (write-region (if (stringp x) x (prin1-to-string x)) nil "./conftest-23037")) /usr/local/var/auctex /home/erez/emacs/share/emacs/site-lisp /home/erez/emacs/share/emacs/site-lisp/tex-site.el
Wrote /home/erez/confemacs/site-lisp/auctex/conftest-23037
=> "/usr/local/var/auctex"
configure:2800: checking for tex
configure:2818: found /usr/bin/tex
configure:2831: result: /usr/bin/tex
configure:2841: checking for pdftex
configure:2859: found /usr/bin/pdftex
configure:2872: result: /usr/bin/pdftex
configure:2882: checking for dvips
configure:2900: found /usr/bin/dvips
configure:2913: result: /usr/bin/dvips
configure:2928: checking for perl
configure:2946: found /usr/bin/perl
configure:2959: result: /usr/bin/perl
configure:2973: checking for makeinfo
configure:2991: found /usr/bin/makeinfo
configure:3004: result: /usr/bin/makeinfo
configure:3014: checking for texi2html
configure:3045: result: :
configure:3055: checking for texi2dvi
configure:3073: found /usr/bin/texi2dvi
configure:3086: result: /usr/bin/texi2dvi
configure:3096: checking for texi2pdf
configure:3114: found /usr/bin/texi2pdf
configure:3127: result: /usr/bin/texi2pdf
configure:3142: checking for install-info
configure:3160: found /usr/sbin/install-info
configure:3173: result: /usr/sbin/install-info
configure:3448: creating ./config.status

## ---------------------- ##
## Running config.status. ##
## ---------------------- ##

This file was extended by auctex config.status 11.86, which was
generated by GNU Autoconf 2.68.  Invocation command line was

  CONFIG_FILES    = 
  CONFIG_HEADERS  = 
  CONFIG_LINKS    = 
  CONFIG_COMMANDS = 
  $ ./config.status 

on duckburg

config.status:763: creating Makefile
config.status:763: creating tex-site.el.out
config.status:763: creating doc/Makefile
config.status:763: creating auctex.el
configure:4540: === configuring in preview (/home/erez/confemacs/site-lisp/auctex/preview)
configure:4603: running /bin/bash ./configure --disable-option-checking '--prefix=/usr/local'  '--with-emacs=/home/erez/emacs/bin/emacs' --cache-file=/dev/null --srcdir=.

## ---------------- ##
## Cache variables. ##
## ---------------- ##

ac_cv_env_INSTALL_INFO_set=
ac_cv_env_INSTALL_INFO_value=
ac_cv_env_MAKEINFO_set=
ac_cv_env_MAKEINFO_value=
ac_cv_env_PERL_set=
ac_cv_env_PERL_value=
ac_cv_env_build_alias_set=
ac_cv_env_build_alias_value=
ac_cv_env_host_alias_set=
ac_cv_env_host_alias_value=
ac_cv_env_target_alias_set=
ac_cv_env_target_alias_value=
ac_cv_path_DVIPS=/usr/bin/dvips
ac_cv_path_EMACS=/home/erez/emacs/bin/emacs
ac_cv_path_INSTALL_INFO=/usr/sbin/install-info
ac_cv_path_MAKEINFO=/usr/bin/makeinfo
ac_cv_path_PDFTEX=/usr/bin/pdftex
ac_cv_path_PERL=/usr/bin/perl
ac_cv_path_TEX=/usr/bin/tex
ac_cv_path_TEXI2DVI=/usr/bin/texi2dvi
ac_cv_path_TEXI2HTML=:
ac_cv_path_TEXI2PDF=/usr/bin/texi2pdf
ac_cv_path_install='/usr/bin/install -c'
ac_cv_prog_MAKECMD=make
ac_cv_prog_make_make_set=yes

## ----------------- ##
## Output variables. ##
## ----------------- ##

AUCTEXDATE='2012-01-11'
AUCTEXVERSION='2012-01-11'
DEFS='-DPACKAGE_NAME=\"auctex\" -DPACKAGE_TARNAME=\"auctex\" -DPACKAGE_VERSION=\"11.86\" -DPACKAGE_STRING=\"auctex\ 11.86\" -DPACKAGE_BUGREPORT=\"bug-auctex@gnu.org\" -DPACKAGE_URL=\"\"'
DVIPS='/usr/bin/dvips'
ECHO_C=''
ECHO_N='-n'
ECHO_T=''
EMACS='/home/erez/emacs/bin/emacs'
EMACS_FLAVOR='emacs'
HAVE_mule='yes'
INSTALL_DATA='${INSTALL} -m 644'
INSTALL_INFO='/usr/sbin/install-info'
INSTALL_PROGRAM='${INSTALL}'
INSTALL_SCRIPT='${INSTALL}'
LIBOBJS=''
LIBS=''
LTLIBOBJS=''
MAKECMD='make'
MAKEINFO='/usr/bin/makeinfo'
MULEELC='tex-jp.elc'
MULESRC='tex-jp.el'
PACKAGE_BUGREPORT='bug-auctex@gnu.org'
PACKAGE_NAME='auctex'
PACKAGE_STRING='auctex 11.86'
PACKAGE_TARNAME='auctex'
PACKAGE_URL=''
PACKAGE_VERSION='11.86'
PATH_SEPARATOR=':'
PDFTEX='/usr/bin/pdftex'
PERL='/usr/bin/perl'
SET_MAKE=''
SHELL='/bin/bash'
TEX='/usr/bin/tex'
TEXI2DVI='/usr/bin/texi2dvi'
TEXI2HTML=':'
TEXI2PDF='/usr/bin/texi2pdf'
XEMACS='no'
auctexstartfile='/home/erez/emacs/share/emacs/site-lisp/auctex.el'
autodir='${localstatedir}/auctex'
bindir='${exec_prefix}/bin'
build_alias=''
datadir='${datarootdir}'
datarootdir='${prefix}/share'
docdir='${datarootdir}/doc/${PACKAGE_TARNAME}'
dvidir='${docdir}'
exec_prefix='${prefix}'
host_alias=''
htmldir='${docdir}'
includedir='${prefix}/include'
infodir='${datarootdir}/info'
libdir='${exec_prefix}/lib'
libexecdir='${exec_prefix}/libexec'
lispautodir='"/usr/local/var/auctex"'
lispdir='/home/erez/emacs/share/emacs/site-lisp'
lisppackagedatadir='(expand-file-name "auctex" (file-name-directory load-file-name))'
lisppackagelispdir='(expand-file-name "auctex" (file-name-directory load-file-name))'
lisptexsite='(expand-file-name "tex-site.el" (file-name-directory load-file-name))'
localedir='${datarootdir}/locale'
localstatedir='${prefix}/var'
mandir='${datarootdir}/man'
oldincludedir='/usr/include'
packagedatadir='/home/erez/emacs/share/emacs/site-lisp/auctex'
packagedir='no'
packagelispdir='/home/erez/emacs/share/emacs/site-lisp/auctex'
pdfdir='${docdir}'
prefix='/usr/local'
preview_enabled='yes'
program_transform_name='s,x,x,'
psdir='${docdir}'
sbindir='${exec_prefix}/sbin'
sharedstatedir='${prefix}/com'
subdirs=' preview'
sysconfdir='${prefix}/etc'
target_alias=''
texsite=''

## ----------- ##
## confdefs.h. ##
## ----------- ##

/* confdefs.h */
#define PACKAGE_NAME "auctex"
#define PACKAGE_TARNAME "auctex"
#define PACKAGE_VERSION "11.86"
#define PACKAGE_STRING "auctex 11.86"
#define PACKAGE_BUGREPORT "bug-auctex@gnu.org"
#define PACKAGE_URL ""

configure: exit 0
