This file contains any messages produced by compilers while
running configure, to aid debugging if configure makes a mistake.

It was created by preview-latex configure 11.84, which was
generated by GNU Autoconf 2.68.  Invocation command line was

  $ ./configure --disable-option-checking --prefix=/usr/local --with-emacs=/home/erez/emacs/bin/emacs --cache-file=/dev/null --srcdir=.

## --------- ##
## Platform. ##
## --------- ##

hostname = duckburg
uname -m = x86_64
uname -r = 3.1.0-1-amd64
uname -s = Linux
uname -v = #1 SMP Tue Jan 10 05:01:58 UTC 2012

/usr/bin/uname -p = unknown
/bin/uname -X     = unknown

/bin/arch              = unknown
/usr/bin/arch -k       = unknown
/usr/convex/getsysinfo = unknown
/usr/bin/hostinfo      = unknown
/bin/machine           = unknown
/usr/bin/oslevel       = unknown
/bin/universe          = unknown

PATH: /home/erez/perl5/bin
PATH: /usr/local/sbin
PATH: /usr/local/bin
PATH: /usr/sbin
PATH: /usr/bin
PATH: /sbin
PATH: /bin
PATH: /home/erez/plan9/bin
PATH: /home/erez/dev/projects/gitflow
PATH: /home/erez/dev/projects/rakudo


## ----------- ##
## Core tests. ##
## ----------- ##

configure:1726: checking whether make sets $(MAKE)
configure:1748: result: yes
configure:1800: checking for a BSD-compatible install
configure:1868: result: /usr/bin/install -c
configure:1931: checking for /home/erez/emacs/bin/emacs
configure:1961: result: /home/erez/emacs/bin/emacs
configure:1977: checking if /home/erez/emacs/bin/emacs is XEmacs
/home/erez/emacs/bin/emacs -batch -no-site-file -eval (let* ((x (if (featurep (quote xemacs)) "yes" "no"))) (write-region (if (stringp x) x (prin1-to-string x)) nil "./conftest-23442"))
Wrote /home/erez/confemacs/site-lisp/auctex/preview/conftest-23442
=> no
configure:1997: result: no
configure:2001: checking for Emacs prefix
/home/erez/emacs/bin/emacs -batch -no-site-file -eval (let* ((cmd(pop command-line-args-left))(x (condition-case nil (let*
    ((prefix (directory-file-name (file-name-directory (executable-find cmd))))
     (parent (directory-file-name (file-name-directory prefix))))
    (if (string= (file-name-nondirectory prefix) "bin")
        (setq prefix parent)
      (if (string= (file-name-nondirectory parent) "bin")
         (setq prefix (directory-file-name (file-name-directory parent)))))
    prefix) (error NONE)))) (write-region (if (stringp x) x (prin1-to-string x)) nil "./conftest-23442")) /home/erez/emacs/bin/emacs
Wrote /home/erez/confemacs/site-lisp/auctex/preview/conftest-23442
=> /home/erez/emacs
configure:2020: result: "/home/erez/emacs"
configure:2050: checking if Emacs is recent enough
/home/erez/emacs/bin/emacs -batch -no-site-file -eval (let* ((x (cond ((< emacs-major-version 21) "no")
			 ((> emacs-major-version 21) "yes")
			 ((< emacs-minor-version 01) "no")
			 (t "yes")))) (write-region (if (stringp x) x (prin1-to-string x)) nil "./conftest-23442"))
Wrote /home/erez/confemacs/site-lisp/auctex/preview/conftest-23442
=> yes
configure:2064: result: yes
configure:2102: checking if build directory is valid
/home/erez/emacs/bin/emacs -batch -eval (let* ((x (if (or (member (directory-file-name default-directory) load-path)	      (member (file-name-as-directory default-directory) load-path))	 "no" "yes"))) (write-region (if (stringp x) x (prin1-to-string x)) nil "./conftest-23442"))
Wrote /home/erez/confemacs/site-lisp/auctex/preview/conftest-23442
=> yes
configure:2118: result: yes
configure:2208: checking where lisp files go
/home/erez/emacs/bin/emacs -batch -eval (let* ((prefix(pop command-line-args-left)) (expanded(pop command-line-args-left)) (x (catch 22
       (let (reldir (dirs load-path))
	  (dolist (name (list "emacs/site-lisp" "emacs/site-packages"
	         "site-lisp" "site-packages") "NONE")
	    (dolist (dir dirs)
	      (when (and dir
	      	         (setq dir (directory-file-name dir))
                         (file-name-absolute-p dir)
	      	         (file-directory-p dir)
	                 (not (string-match "\\`\\.\\."
                           (setq reldir (file-relative-name dir expanded))))
			 (not (file-name-absolute-p reldir))
                         (let ((name name) (dir dir))
		           (while (and dir name
		                       (string= (file-name-nondirectory dir)
		                                (file-name-nondirectory name))
                              (setq dir (file-name-directory dir)
				   name (file-name-directory name))
			      (if (and dir name)
			         (setq dir (directory-file-name dir)
			              name (directory-file-name name)))))
		            (null name))
		   (throw 22
                      (if (string= reldir ".") (directory-file-name prefix)
                        (concat (file-name-as-directory prefix)
                                reldir))))))))))) (write-region (if (stringp x) x (prin1-to-string x)) nil "./conftest-23442")) ${datadir}/emacs /usr/local/share/emacs
Wrote /home/erez/confemacs/site-lisp/auctex/preview/conftest-23442
=> NONE
/home/erez/emacs/bin/emacs -batch -eval (let* ((prefix(pop command-line-args-left)) (expanded(pop command-line-args-left)) (x (catch 22
       (let (reldir (dirs load-path))
	  (dolist (name (list "emacs/site-lisp" "emacs/site-packages"
	         "site-lisp" "site-packages") "NONE")
	    (dolist (dir dirs)
	      (when (and dir
	      	         (setq dir (directory-file-name dir))
                         (file-name-absolute-p dir)
	      	         (file-directory-p dir)
	                 (not (string-match "\\`\\.\\."
                           (setq reldir (file-relative-name dir expanded))))
			 (not (file-name-absolute-p reldir))
                         (let ((name name) (dir dir))
		           (while (and dir name
		                       (string= (file-name-nondirectory dir)
		                                (file-name-nondirectory name))
                              (setq dir (file-name-directory dir)
				   name (file-name-directory name))
			      (if (and dir name)
			         (setq dir (directory-file-name dir)
			              name (directory-file-name name)))))
		            (null name))
		   (throw 22
                      (if (string= reldir ".") (directory-file-name prefix)
                        (concat (file-name-as-directory prefix)
                                reldir))))))))))) (write-region (if (stringp x) x (prin1-to-string x)) nil "./conftest-23442")) ${libdir}/emacs /usr/local/lib/emacs
Wrote /home/erez/confemacs/site-lisp/auctex/preview/conftest-23442
=> NONE
/home/erez/emacs/bin/emacs -batch -eval (let* ((prefix(pop command-line-args-left)) (expanded(pop command-line-args-left)) (x (catch 22
       (let (reldir (dirs load-path))
	  (dolist (name (list "emacs/site-lisp" "emacs/site-packages"
	         "site-lisp" "site-packages") "NONE")
	    (dolist (dir dirs)
	      (when (and dir
	      	         (setq dir (directory-file-name dir))
                         (file-name-absolute-p dir)
	      	         (file-directory-p dir)
	                 (not (string-match "\\`\\.\\."
                           (setq reldir (file-relative-name dir expanded))))
			 (not (file-name-absolute-p reldir))
                         (let ((name name) (dir dir))
		           (while (and dir name
		                       (string= (file-name-nondirectory dir)
		                                (file-name-nondirectory name))
                              (setq dir (file-name-directory dir)
				   name (file-name-directory name))
			      (if (and dir name)
			         (setq dir (directory-file-name dir)
			              name (directory-file-name name)))))
		            (null name))
		   (throw 22
                      (if (string= reldir ".") (directory-file-name prefix)
                        (concat (file-name-as-directory prefix)
                                reldir))))))))))) (write-region (if (stringp x) x (prin1-to-string x)) nil "./conftest-23442")) /home/erez/emacs/share/emacs /home/erez/emacs/share/emacs
Wrote /home/erez/confemacs/site-lisp/auctex/preview/conftest-23442
=> /home/erez/emacs/share/emacs/site-lisp
configure:2280: result: /home/erez/emacs/share/emacs/site-lisp
configure:2284: checking what file to use for preview startup
configure:2311: result: /home/erez/emacs/share/emacs/site-lisp/preview-latex.el
configure:2325: checking where the package lisp files go
/home/erez/emacs/bin/emacs -batch -no-site-file -eval (let* ((path(pop command-line-args-left)) (lispdir(pop command-line-args-left)) (startup(pop command-line-args-left)) (target(pop command-line-args-left))(x (progn (setq path (directory-file-name path))
  (if (or target
          (not (string= (car load-path) (directory-file-name (car load-path)))))
    (setq path (file-name-as-directory path)))
  (setq path (expand-file-name path lispdir))
  (setq startupdir (file-name-directory (expand-file-name startup lispdir)))
  (prin1-to-string
    (if (or (string-match "\\`\\.\\."
              (setq relname (file-relative-name startupdir lispdir)))
            (file-name-absolute-p relname)
	    (string-match "\\`\\.\\."
              (setq relname (file-relative-name path lispdir)))
 	    (file-name-absolute-p relname))
	  (concat path target)
	(cond (target
	       `(expand-file-name
                   ,(file-relative-name (concat path target) startupdir)
	           (file-name-directory load-file-name)))
              ((string= path startupdir)
	         '(file-name-directory load-file-name))
	      ((string= path (directory-file-name startupdir))
                 '(directory-file-name (file-name-directory load-file-name)))
              (t
	       `(expand-file-name
                   ,(file-relative-name path startupdir)
	           (file-name-directory load-file-name))))))))) (write-region (if (stringp x) x (prin1-to-string x)) nil "./conftest-23442")) /home/erez/emacs/share/emacs/site-lisp/auctex /home/erez/emacs/share/emacs/site-lisp /home/erez/emacs/share/emacs/site-lisp/preview-latex.el
Wrote /home/erez/confemacs/site-lisp/auctex/preview/conftest-23442
=> (expand-file-name "auctex" (file-name-directory load-file-name))
configure:2406: result: /home/erez/emacs/share/emacs/site-lisp/auctex
configure:2409: checking where the data files go
/home/erez/emacs/bin/emacs -batch -no-site-file -eval (let* ((path(pop command-line-args-left)) (lispdir(pop command-line-args-left)) (startup(pop command-line-args-left)) (target(pop command-line-args-left))(x (progn (setq path (directory-file-name path))
  (if (or target
          (not (string= (car load-path) (directory-file-name (car load-path)))))
    (setq path (file-name-as-directory path)))
  (setq path (expand-file-name path lispdir))
  (setq startupdir (file-name-directory (expand-file-name startup lispdir)))
  (prin1-to-string
    (if (or (string-match "\\`\\.\\."
              (setq relname (file-relative-name startupdir lispdir)))
            (file-name-absolute-p relname)
	    (string-match "\\`\\.\\."
              (setq relname (file-relative-name path lispdir)))
 	    (file-name-absolute-p relname))
	  (concat path target)
	(cond (target
	       `(expand-file-name
                   ,(file-relative-name (concat path target) startupdir)
	           (file-name-directory load-file-name)))
              ((string= path startupdir)
	         '(file-name-directory load-file-name))
	      ((string= path (directory-file-name startupdir))
                 '(directory-file-name (file-name-directory load-file-name)))
              (t
	       `(expand-file-name
                   ,(file-relative-name path startupdir)
	           (file-name-directory load-file-name))))))))) (write-region (if (stringp x) x (prin1-to-string x)) nil "./conftest-23442")) /home/erez/emacs/share/emacs/site-lisp/auctex /home/erez/emacs/share/emacs/site-lisp /home/erez/emacs/share/emacs/site-lisp/preview-latex.el
Wrote /home/erez/confemacs/site-lisp/auctex/preview/conftest-23442
=> (expand-file-name "auctex" (file-name-directory load-file-name))
configure:2490: result: /home/erez/emacs/share/emacs/site-lisp/auctex
configure:2497: checking for the location of AUCTeX's tex-site.el
configure:2546: result: ..
configure:2557: checking for gs
configure:2573: found /usr/bin/gs
configure:2584: result: gs
/home/erez/emacs/bin/emacs -batch -no-site-file -eval (let* ((dir(pop command-line-args-left))(x (if (member dir (list "NONE" (if (eq system-type 'windows-nt) "GSWIN32C.EXE" "gs"))) "" `(defvar preview-gs-command ,dir)))) (write-region (if (stringp x) x (prin1-to-string x)) nil "./conftest-23442")) gs
Wrote /home/erez/confemacs/site-lisp/auctex/preview/conftest-23442
=> 
configure:2612: checking for latex
configure:2630: found /usr/bin/latex
configure:2643: result: /usr/bin/latex
configure:2659: checking for pdflatex
configure:2677: found /usr/bin/pdflatex
configure:2689: result: /usr/bin/pdflatex
configure:2708: checking for tex
configure:2739: result: /usr/bin/tex
configure:2843: checking for prefix from kpsepath
/home/erez/emacs/bin/emacs -batch -no-site-file -eval (let* ((cmd(pop command-line-args-left))(x (condition-case nil (let*
    ((prefix (directory-file-name (file-name-directory (executable-find cmd))))
     (parent (directory-file-name (file-name-directory prefix))))
    (if (string= (file-name-nondirectory prefix) "bin")
        (setq prefix parent)
      (if (string= (file-name-nondirectory parent) "bin")
         (setq prefix (directory-file-name (file-name-directory parent)))))
    prefix) (error NONE)))) (write-region (if (stringp x) x (prin1-to-string x)) nil "./conftest-23442")) kpsepath
Wrote /home/erez/confemacs/site-lisp/auctex/preview/conftest-23442
=> /usr
configure:2867: result: "/usr"
configure:2870: checking for TDS-compliant directory
/home/erez/emacs/bin/emacs -batch -no-site-file -eval (let* ((prefix(pop command-line-args-left)) (expanded(pop command-line-args-left)) (pathoutput(pop command-line-args-left))(x (catch 22
       (let (reldir (dirs (mapcar (lambda(x)
              (and (string-match "\\`!*\\(.*\\)/tex/latex//+\\'" x)
	           (match-string 1 x)))
      (append (split-string pathoutput ";")
             (split-string pathoutput ":")))))
	  (dolist (name (list nil) "NONE")
	    (dolist (dir dirs)
	      (when (and dir
	      	         (setq dir (directory-file-name dir))
                         (file-name-absolute-p dir)
	      	         (file-directory-p dir)
	                 (not (string-match "\\`\\.\\."
                           (setq reldir (file-relative-name dir expanded))))
			 (not (file-name-absolute-p reldir))
                         (let ((name name) (dir dir))
		           (while (and dir name
		                       (string= (file-name-nondirectory dir)
		                                (file-name-nondirectory name))
                              (setq dir (file-name-directory dir)
				   name (file-name-directory name))
			      (if (and dir name)
			         (setq dir (directory-file-name dir)
			              name (directory-file-name name)))))
		            (null name))
		   (throw 22
                      (if (string= reldir ".") (directory-file-name prefix)
                        (concat (file-name-as-directory prefix)
                                reldir))))))))))) (write-region (if (stringp x) x (prin1-to-string x)) nil "./conftest-23442")) ${datadir}/texmf /usr/local/share/texmf .:/home/erez/.texmf-config/tex/latex//:/home/erez/.texmf-var/tex/latex//:/home/erez/texmf/tex/latex//:/etc/texmf/tex/latex//:!!/var/lib/texmf/tex/latex//:!!/usr/local/share/texmf/tex/latex//:!!/usr/share/texmf/tex/latex//:!!/usr/share/texmf-texlive/tex/latex//:/home/erez/.texmf-config/tex/generic//:/home/erez/.texmf-var/tex/generic//:/home/erez/texmf/tex/generic//:/etc/texmf/tex/generic//:!!/var/lib/texmf/tex/generic//:!!/usr/local/share/texmf/tex/generic//:!!/usr/share/texmf/tex/generic//:!!/usr/share/texmf-texlive/tex/generic//:/home/erez/.texmf-config/tex///:/home/erez/.texmf-var/tex///:/home/erez/texmf/tex///:/etc/texmf/tex///:!!/var/lib/texmf/tex///:!!/usr/local/share/texmf/tex///:!!/usr/share/texmf/tex///:!!/usr/share/texmf-texlive/tex///
Wrote /home/erez/confemacs/site-lisp/auctex/preview/conftest-23442
=> ${datadir}/texmf
configure:3074: result: ${datadir}/texmf
configure:3177: checking for texhash
configure:3195: found /usr/bin/texhash
configure:3207: result: /usr/bin/texhash
configure:3217: checking for initexmf
configure:3244: result: /usr/bin/texhash
configure:3303: checking for glaring installation conflicts
/home/erez/emacs/bin/emacs -batch -eval (let* ((packagelispdir(pop command-line-args-left)) (previewstartfile(pop command-line-args-left))(x 
  (concat
    (and (setq tmp (locate-library "preview.elc"))
         (not (string= (file-truename tmp)
	               (file-truename (expand-file-name "preview.elc"
                                      packagelispdir))))
         (format "Conflicting previous installation in `%s' found!\n"
                 (file-name-directory tmp)))
    (and (setq tmp (locate-library "preview-latex.el"))
         (not (string= (file-truename tmp)
                       (file-truename previewstartfile)))
         (format "Conflicting previous startup file `%s' found!\n" tmp))))) (write-region (if (stringp x) x (prin1-to-string x)) nil "./conftest-23442")) /home/erez/emacs/share/emacs/site-lisp/auctex /home/erez/emacs/share/emacs/site-lisp/preview-latex.el
Wrote /home/erez/confemacs/site-lisp/auctex/preview/conftest-23442
=> 
configure:3365: result: probably none
configure:3599: creating ./config.status

## ---------------------- ##
## Running config.status. ##
## ---------------------- ##

This file was extended by preview-latex config.status 11.84, which was
generated by GNU Autoconf 2.68.  Invocation command line was

  CONFIG_FILES    = 
  CONFIG_HEADERS  = 
  CONFIG_LINKS    = 
  CONFIG_COMMANDS = 
  $ ./config.status 

on duckburg

config.status:755: creating Makefile
config.status:755: creating auto.el
config.status:755: creating latex/Makefile

## ---------------- ##
## Cache variables. ##
## ---------------- ##

ac_cv_env_GS_set=
ac_cv_env_GS_value=
ac_cv_env_TEXHASH_set=
ac_cv_env_TEXHASH_value=
ac_cv_env_build_alias_set=
ac_cv_env_build_alias_value=
ac_cv_env_host_alias_set=
ac_cv_env_host_alias_value=
ac_cv_env_target_alias_set=
ac_cv_env_target_alias_value=
ac_cv_path_EMACS=/home/erez/emacs/bin/emacs
ac_cv_path_LATEX=/usr/bin/latex
ac_cv_path_PDFLATEX=/usr/bin/pdflatex
ac_cv_path_TEX=/usr/bin/tex
ac_cv_path_TEXHASH=/usr/bin/texhash
ac_cv_path_install='/usr/bin/install -c'
ac_cv_prog_GS=gs
ac_cv_prog_TEXHASH=/usr/bin/texhash
ac_cv_prog_make_make_set=yes

## ----------------- ##
## Output variables. ##
## ----------------- ##

DEFS='-DPACKAGE_NAME=\"preview-latex\" -DPACKAGE_TARNAME=\"preview-latex\" -DPACKAGE_VERSION=\"11.84\" -DPACKAGE_STRING=\"preview-latex\ 11.84\" -DPACKAGE_BUGREPORT=\"bug-auctex@gnu.org\" -DPACKAGE_URL=\"\"'
ECHO_C=''
ECHO_N='-n'
ECHO_T=''
EMACS='/home/erez/emacs/bin/emacs'
EMACS_FLAVOR='emacs'
GS='gs'
INSTALL_DATA='${INSTALL} -m 644'
INSTALL_PROGRAM='${INSTALL}'
INSTALL_SCRIPT='${INSTALL}'
LATEX='/usr/bin/latex'
LIBOBJS=''
LIBS=''
LTLIBOBJS=''
PACKAGE_BUGREPORT='bug-auctex@gnu.org'
PACKAGE_NAME='preview-latex'
PACKAGE_STRING='preview-latex 11.84'
PACKAGE_TARNAME='preview-latex'
PACKAGE_URL=''
PACKAGE_VERSION='11.84'
PATH_SEPARATOR=':'
PDFLATEX='/usr/bin/pdflatex'
PLAT_LISP='prv-emacs.el'
SET_MAKE=''
SHELL='/bin/bash'
TEX='/usr/bin/tex'
TEXHASH='/usr/bin/texhash'
TEXMFGEN='preview.sty prauctex.def prauctex.cfg prshowbox.def prshowlabels.def prtracingall.def prtightpage.def prlyx.def prcounters.def prfootnotes.def'
XEMACS='no'
auctexdir='..'
bindir='${exec_prefix}/bin'
build_alias=''
datadir='${datarootdir}'
datarootdir='${prefix}/share'
docdir='${datarootdir}/doc/${PACKAGE_TARNAME}'
dvidir='${docdir}'
exec_prefix='${prefix}'
host_alias=''
htmldir='${docdir}'
includedir='${prefix}/include'
infodir='${datarootdir}/info'
libdir='${exec_prefix}/lib'
libexecdir='${exec_prefix}/libexec'
lispGS=''
lispdir='/home/erez/emacs/share/emacs/site-lisp'
lisppackagedatadir='(expand-file-name "auctex" (file-name-directory load-file-name))'
lisppackagelispdir='(expand-file-name "auctex" (file-name-directory load-file-name))'
lisppackagetexstyles=''
localedir='${datarootdir}/locale'
localstatedir='${prefix}/var'
mandir='${datarootdir}/man'
oldincludedir='/usr/include'
packagedatadir='/home/erez/emacs/share/emacs/site-lisp/auctex'
packagedir='no'
packagelispdir='/home/erez/emacs/share/emacs/site-lisp/auctex'
packagetexstyles=''
pdfdir='${docdir}'
prefix='/usr/local'
previewdocdir='${datadir}/texmf/doc/latex/styles'
previewstartfile='/home/erez/emacs/share/emacs/site-lisp/preview-latex.el'
previewtexmfdir='${datadir}/texmf/tex/latex/preview'
program_transform_name='s,x,x,'
psdir='${docdir}'
sbindir='${exec_prefix}/sbin'
sharedstatedir='${prefix}/com'
sysconfdir='${prefix}/etc'
target_alias=''
texmfdir='${datadir}/texmf'

## ----------- ##
## confdefs.h. ##
## ----------- ##

/* confdefs.h */
#define PACKAGE_NAME "preview-latex"
#define PACKAGE_TARNAME "preview-latex"
#define PACKAGE_VERSION "11.84"
#define PACKAGE_STRING "preview-latex 11.84"
#define PACKAGE_BUGREPORT "bug-auctex@gnu.org"
#define PACKAGE_URL ""

configure: exit 0
